<?xml version="1.0" encoding="UTF-8"?>
<!-- Generated by org.testng.reporters.JUnitReportReporter -->
<testsuite skipped="0" hostname="SDS-V-PAVAN-MAC.local" name="com.test.swag.Tests.SwagTests" tests="1" failures="0" timestamp="2021-06-29T00:16:41 IST" time="6.638" errors="0">
  <testcase name="loginTest" time="6.638" classname="com.test.swag.Tests.SwagTests"/>
  <system-out/>
</testsuite> <!-- com.test.swag.Tests.SwagTests -->
